2022-04-10 14:06:42,503ate{HH:mm:ss} [com.wenhao.learnnetty.pkg004.ReadTxt.main(ReadTxt.java:21)evel] [mainhread] com.wenhao.learnnetty.pkg004.ReadTxt.main(ReadTxt.java:21)ogger{17} - ssssssss
2022-04-10 14:06:42,505ate{HH:mm:ss} [com.wenhao.learnnetty.pkg004.ReadTxt.main(ReadTxt.java:22)evel] [mainhread] com.wenhao.learnnetty.pkg004.ReadTxt.main(ReadTxt.java:22)ogger{17} - 读取到的字节：10
2022-04-10 14:06:42,505ate{HH:mm:ss} [com.wenhao.learnnetty.pkg004.ReadTxt.main(ReadTxt.java:28)evel] [mainhread] com.wenhao.learnnetty.pkg004.ReadTxt.main(ReadTxt.java:28)ogger{17} - 1
2022-04-10 14:06:42,505ate{HH:mm:ss} [com.wenhao.learnnetty.pkg004.ReadTxt.main(ReadTxt.java:28)evel] [mainhread] com.wenhao.learnnetty.pkg004.ReadTxt.main(ReadTxt.java:28)ogger{17} - 2
2022-04-10 14:06:42,505ate{HH:mm:ss} [com.wenhao.learnnetty.pkg004.ReadTxt.main(ReadTxt.java:28)evel] [mainhread] com.wenhao.learnnetty.pkg004.ReadTxt.main(ReadTxt.java:28)ogger{17} - 3
2022-04-10 14:06:42,506ate{HH:mm:ss} [com.wenhao.learnnetty.pkg004.ReadTxt.main(ReadTxt.java:28)evel] [mainhread] com.wenhao.learnnetty.pkg004.ReadTxt.main(ReadTxt.java:28)ogger{17} - 4
2022-04-10 14:06:42,506ate{HH:mm:ss} [com.wenhao.learnnetty.pkg004.ReadTxt.main(ReadTxt.java:28)evel] [mainhread] com.wenhao.learnnetty.pkg004.ReadTxt.main(ReadTxt.java:28)ogger{17} - 5
2022-04-10 14:06:42,506ate{HH:mm:ss} [com.wenhao.learnnetty.pkg004.ReadTxt.main(ReadTxt.java:28)evel] [mainhread] com.wenhao.learnnetty.pkg004.ReadTxt.main(ReadTxt.java:28)ogger{17} - 6
2022-04-10 14:06:42,506ate{HH:mm:ss} [com.wenhao.learnnetty.pkg004.ReadTxt.main(ReadTxt.java:28)evel] [mainhread] com.wenhao.learnnetty.pkg004.ReadTxt.main(ReadTxt.java:28)ogger{17} - 7
2022-04-10 14:06:42,506ate{HH:mm:ss} [com.wenhao.learnnetty.pkg004.ReadTxt.main(ReadTxt.java:28)evel] [mainhread] com.wenhao.learnnetty.pkg004.ReadTxt.main(ReadTxt.java:28)ogger{17} - 8
2022-04-10 14:06:42,506ate{HH:mm:ss} [com.wenhao.learnnetty.pkg004.ReadTxt.main(ReadTxt.java:28)evel] [mainhread] com.wenhao.learnnetty.pkg004.ReadTxt.main(ReadTxt.java:28)ogger{17} - 9
2022-04-10 14:06:42,506ate{HH:mm:ss} [com.wenhao.learnnetty.pkg004.ReadTxt.main(ReadTxt.java:28)evel] [mainhread] com.wenhao.learnnetty.pkg004.ReadTxt.main(ReadTxt.java:28)ogger{17} - 0
2022-04-10 14:06:42,507ate{HH:mm:ss} [com.wenhao.learnnetty.pkg004.ReadTxt.main(ReadTxt.java:21)evel] [mainhread] com.wenhao.learnnetty.pkg004.ReadTxt.main(ReadTxt.java:21)ogger{17} - ssssssss
2022-04-10 14:06:42,507ate{HH:mm:ss} [com.wenhao.learnnetty.pkg004.ReadTxt.main(ReadTxt.java:22)evel] [mainhread] com.wenhao.learnnetty.pkg004.ReadTxt.main(ReadTxt.java:22)ogger{17} - 读取到的字节：4
2022-04-10 14:06:42,507ate{HH:mm:ss} [com.wenhao.learnnetty.pkg004.ReadTxt.main(ReadTxt.java:28)evel] [mainhread] com.wenhao.learnnetty.pkg004.ReadTxt.main(ReadTxt.java:28)ogger{17} - a
2022-04-10 14:06:42,507ate{HH:mm:ss} [com.wenhao.learnnetty.pkg004.ReadTxt.main(ReadTxt.java:28)evel] [mainhread] com.wenhao.learnnetty.pkg004.ReadTxt.main(ReadTxt.java:28)ogger{17} - b
2022-04-10 14:06:42,507ate{HH:mm:ss} [com.wenhao.learnnetty.pkg004.ReadTxt.main(ReadTxt.java:28)evel] [mainhread] com.wenhao.learnnetty.pkg004.ReadTxt.main(ReadTxt.java:28)ogger{17} - c
2022-04-10 14:06:42,507ate{HH:mm:ss} [com.wenhao.learnnetty.pkg004.ReadTxt.main(ReadTxt.java:28)evel] [mainhread] com.wenhao.learnnetty.pkg004.ReadTxt.main(ReadTxt.java:28)ogger{17} - d
2022-04-10 14:06:42,508ate{HH:mm:ss} [com.wenhao.learnnetty.pkg004.ReadTxt.main(ReadTxt.java:21)evel] [mainhread] com.wenhao.learnnetty.pkg004.ReadTxt.main(ReadTxt.java:21)ogger{17} - ssssssss
2022-04-10 14:06:42,508ate{HH:mm:ss} [com.wenhao.learnnetty.pkg004.ReadTxt.main(ReadTxt.java:22)evel] [mainhread] com.wenhao.learnnetty.pkg004.ReadTxt.main(ReadTxt.java:22)ogger{17} - 读取到的字节：-1
2022-04-10 14:07:21,366ate{HH:mm:ss} [com.wenhao.learnnetty.pkg004.ReadTxt.main(ReadTxt.java:21)evel] [mainhread] com.wenhao.learnnetty.pkg004.ReadTxt.main(ReadTxt.java:21)ogger{17} - ssssssss
2022-04-10 14:07:21,369ate{HH:mm:ss} [com.wenhao.learnnetty.pkg004.ReadTxt.main(ReadTxt.java:22)evel] [mainhread] com.wenhao.learnnetty.pkg004.ReadTxt.main(ReadTxt.java:22)ogger{17} - 读取到的字节：10
2022-04-10 14:07:21,369ate{HH:mm:ss} [com.wenhao.learnnetty.pkg004.ReadTxt.main(ReadTxt.java:28)evel] [mainhread] com.wenhao.learnnetty.pkg004.ReadTxt.main(ReadTxt.java:28)ogger{17} - 1
2022-04-10 14:07:21,369ate{HH:mm:ss} [com.wenhao.learnnetty.pkg004.ReadTxt.main(ReadTxt.java:28)evel] [mainhread] com.wenhao.learnnetty.pkg004.ReadTxt.main(ReadTxt.java:28)ogger{17} - 2
2022-04-10 14:07:21,369ate{HH:mm:ss} [com.wenhao.learnnetty.pkg004.ReadTxt.main(ReadTxt.java:28)evel] [mainhread] com.wenhao.learnnetty.pkg004.ReadTxt.main(ReadTxt.java:28)ogger{17} - 3
2022-04-10 14:07:21,369ate{HH:mm:ss} [com.wenhao.learnnetty.pkg004.ReadTxt.main(ReadTxt.java:28)evel] [mainhread] com.wenhao.learnnetty.pkg004.ReadTxt.main(ReadTxt.java:28)ogger{17} - 4
2022-04-10 14:07:21,369ate{HH:mm:ss} [com.wenhao.learnnetty.pkg004.ReadTxt.main(ReadTxt.java:28)evel] [mainhread] com.wenhao.learnnetty.pkg004.ReadTxt.main(ReadTxt.java:28)ogger{17} - 5
2022-04-10 14:07:21,370ate{HH:mm:ss} [com.wenhao.learnnetty.pkg004.ReadTxt.main(ReadTxt.java:28)evel] [mainhread] com.wenhao.learnnetty.pkg004.ReadTxt.main(ReadTxt.java:28)ogger{17} - 6
2022-04-10 14:07:21,370ate{HH:mm:ss} [com.wenhao.learnnetty.pkg004.ReadTxt.main(ReadTxt.java:28)evel] [mainhread] com.wenhao.learnnetty.pkg004.ReadTxt.main(ReadTxt.java:28)ogger{17} - 7
2022-04-10 14:07:21,370ate{HH:mm:ss} [com.wenhao.learnnetty.pkg004.ReadTxt.main(ReadTxt.java:28)evel] [mainhread] com.wenhao.learnnetty.pkg004.ReadTxt.main(ReadTxt.java:28)ogger{17} - 8
2022-04-10 14:07:21,370ate{HH:mm:ss} [com.wenhao.learnnetty.pkg004.ReadTxt.main(ReadTxt.java:28)evel] [mainhread] com.wenhao.learnnetty.pkg004.ReadTxt.main(ReadTxt.java:28)ogger{17} - 9
2022-04-10 14:07:21,370ate{HH:mm:ss} [com.wenhao.learnnetty.pkg004.ReadTxt.main(ReadTxt.java:28)evel] [mainhread] com.wenhao.learnnetty.pkg004.ReadTxt.main(ReadTxt.java:28)ogger{17} - 0
2022-04-10 14:07:21,370ate{HH:mm:ss} [com.wenhao.learnnetty.pkg004.ReadTxt.main(ReadTxt.java:21)evel] [mainhread] com.wenhao.learnnetty.pkg004.ReadTxt.main(ReadTxt.java:21)ogger{17} - ssssssss
2022-04-10 14:07:21,370ate{HH:mm:ss} [com.wenhao.learnnetty.pkg004.ReadTxt.main(ReadTxt.java:22)evel] [mainhread] com.wenhao.learnnetty.pkg004.ReadTxt.main(ReadTxt.java:22)ogger{17} - 读取到的字节：4
2022-04-10 14:07:21,371ate{HH:mm:ss} [com.wenhao.learnnetty.pkg004.ReadTxt.main(ReadTxt.java:28)evel] [mainhread] com.wenhao.learnnetty.pkg004.ReadTxt.main(ReadTxt.java:28)ogger{17} - a
2022-04-10 14:07:21,371ate{HH:mm:ss} [com.wenhao.learnnetty.pkg004.ReadTxt.main(ReadTxt.java:28)evel] [mainhread] com.wenhao.learnnetty.pkg004.ReadTxt.main(ReadTxt.java:28)ogger{17} - b
2022-04-10 14:07:21,371ate{HH:mm:ss} [com.wenhao.learnnetty.pkg004.ReadTxt.main(ReadTxt.java:28)evel] [mainhread] com.wenhao.learnnetty.pkg004.ReadTxt.main(ReadTxt.java:28)ogger{17} - c
2022-04-10 14:07:21,371ate{HH:mm:ss} [com.wenhao.learnnetty.pkg004.ReadTxt.main(ReadTxt.java:28)evel] [mainhread] com.wenhao.learnnetty.pkg004.ReadTxt.main(ReadTxt.java:28)ogger{17} - d
2022-04-10 14:07:21,371ate{HH:mm:ss} [com.wenhao.learnnetty.pkg004.ReadTxt.main(ReadTxt.java:21)evel] [mainhread] com.wenhao.learnnetty.pkg004.ReadTxt.main(ReadTxt.java:21)ogger{17} - ssssssss
2022-04-10 14:07:21,371ate{HH:mm:ss} [com.wenhao.learnnetty.pkg004.ReadTxt.main(ReadTxt.java:22)evel] [mainhread] com.wenhao.learnnetty.pkg004.ReadTxt.main(ReadTxt.java:22)ogger{17} - 读取到的字节：-1
2022-04-10 14:07:46,175ate{HH:mm:ss} [com.wenhao.learnnetty.pkg004.ReadTxt.main(ReadTxt.java:21)evel] [mainhread] com.wenhao.learnnetty.pkg004.ReadTxt.main(ReadTxt.java:21)ogger{17} - ssssssss
2022-04-10 14:07:46,177ate{HH:mm:ss} [com.wenhao.learnnetty.pkg004.ReadTxt.main(ReadTxt.java:22)evel] [mainhread] com.wenhao.learnnetty.pkg004.ReadTxt.main(ReadTxt.java:22)ogger{17} - 读取到的字节：10
2022-04-10 14:07:46,178ate{HH:mm:ss} [com.wenhao.learnnetty.pkg004.ReadTxt.main(ReadTxt.java:28)evel] [mainhread] com.wenhao.learnnetty.pkg004.ReadTxt.main(ReadTxt.java:28)ogger{17} - 1
2022-04-10 14:07:46,178ate{HH:mm:ss} [com.wenhao.learnnetty.pkg004.ReadTxt.main(ReadTxt.java:28)evel] [mainhread] com.wenhao.learnnetty.pkg004.ReadTxt.main(ReadTxt.java:28)ogger{17} - 2
2022-04-10 14:07:46,178ate{HH:mm:ss} [com.wenhao.learnnetty.pkg004.ReadTxt.main(ReadTxt.java:28)evel] [mainhread] com.wenhao.learnnetty.pkg004.ReadTxt.main(ReadTxt.java:28)ogger{17} - 3
2022-04-10 14:07:46,178ate{HH:mm:ss} [com.wenhao.learnnetty.pkg004.ReadTxt.main(ReadTxt.java:28)evel] [mainhread] com.wenhao.learnnetty.pkg004.ReadTxt.main(ReadTxt.java:28)ogger{17} - 4
2022-04-10 14:07:46,178ate{HH:mm:ss} [com.wenhao.learnnetty.pkg004.ReadTxt.main(ReadTxt.java:28)evel] [mainhread] com.wenhao.learnnetty.pkg004.ReadTxt.main(ReadTxt.java:28)ogger{17} - 5
2022-04-10 14:07:46,178ate{HH:mm:ss} [com.wenhao.learnnetty.pkg004.ReadTxt.main(ReadTxt.java:28)evel] [mainhread] com.wenhao.learnnetty.pkg004.ReadTxt.main(ReadTxt.java:28)ogger{17} - 6
2022-04-10 14:07:46,179ate{HH:mm:ss} [com.wenhao.learnnetty.pkg004.ReadTxt.main(ReadTxt.java:28)evel] [mainhread] com.wenhao.learnnetty.pkg004.ReadTxt.main(ReadTxt.java:28)ogger{17} - 7
2022-04-10 14:07:46,179ate{HH:mm:ss} [com.wenhao.learnnetty.pkg004.ReadTxt.main(ReadTxt.java:28)evel] [mainhread] com.wenhao.learnnetty.pkg004.ReadTxt.main(ReadTxt.java:28)ogger{17} - 8
2022-04-10 14:07:46,179ate{HH:mm:ss} [com.wenhao.learnnetty.pkg004.ReadTxt.main(ReadTxt.java:28)evel] [mainhread] com.wenhao.learnnetty.pkg004.ReadTxt.main(ReadTxt.java:28)ogger{17} - 9
2022-04-10 14:07:46,179ate{HH:mm:ss} [com.wenhao.learnnetty.pkg004.ReadTxt.main(ReadTxt.java:28)evel] [mainhread] com.wenhao.learnnetty.pkg004.ReadTxt.main(ReadTxt.java:28)ogger{17} - 0
2022-04-10 14:07:46,180ate{HH:mm:ss} [com.wenhao.learnnetty.pkg004.ReadTxt.main(ReadTxt.java:21)evel] [mainhread] com.wenhao.learnnetty.pkg004.ReadTxt.main(ReadTxt.java:21)ogger{17} - ssssssss
2022-04-10 14:07:46,180ate{HH:mm:ss} [com.wenhao.learnnetty.pkg004.ReadTxt.main(ReadTxt.java:22)evel] [mainhread] com.wenhao.learnnetty.pkg004.ReadTxt.main(ReadTxt.java:22)ogger{17} - 读取到的字节：4
2022-04-10 14:07:46,180ate{HH:mm:ss} [com.wenhao.learnnetty.pkg004.ReadTxt.main(ReadTxt.java:28)evel] [mainhread] com.wenhao.learnnetty.pkg004.ReadTxt.main(ReadTxt.java:28)ogger{17} - a
2022-04-10 14:07:46,180ate{HH:mm:ss} [com.wenhao.learnnetty.pkg004.ReadTxt.main(ReadTxt.java:28)evel] [mainhread] com.wenhao.learnnetty.pkg004.ReadTxt.main(ReadTxt.java:28)ogger{17} - b
2022-04-10 14:07:46,180ate{HH:mm:ss} [com.wenhao.learnnetty.pkg004.ReadTxt.main(ReadTxt.java:28)evel] [mainhread] com.wenhao.learnnetty.pkg004.ReadTxt.main(ReadTxt.java:28)ogger{17} - c
2022-04-10 14:07:46,180ate{HH:mm:ss} [com.wenhao.learnnetty.pkg004.ReadTxt.main(ReadTxt.java:28)evel] [mainhread] com.wenhao.learnnetty.pkg004.ReadTxt.main(ReadTxt.java:28)ogger{17} - d
2022-04-10 14:07:46,180ate{HH:mm:ss} [com.wenhao.learnnetty.pkg004.ReadTxt.main(ReadTxt.java:21)evel] [mainhread] com.wenhao.learnnetty.pkg004.ReadTxt.main(ReadTxt.java:21)ogger{17} - ssssssss
2022-04-10 14:07:46,180ate{HH:mm:ss} [com.wenhao.learnnetty.pkg004.ReadTxt.main(ReadTxt.java:22)evel] [mainhread] com.wenhao.learnnetty.pkg004.ReadTxt.main(ReadTxt.java:22)ogger{17} - 读取到的字节：-1
